  zad4.c
C:\Users\mirja\source\repos\lab4\zad4.c(1,1): error C2059: syntax error: '?'
C:\Users\mirja\source\repos\lab4\zad4.c(1,2): error C2014: preprocessor command must start as first nonwhite space
C:\Program Files (x86)\Microsoft Visual Studio\2019\Enterprise\VC\Tools\MSVC\14.29.30133\include\vcruntime.h(345,64): error C2146: syntax error: missing ')' before identifier '_StackCookie'
C:\Program Files (x86)\Microsoft Visual Studio\2019\Enterprise\VC\Tools\MSVC\14.29.30133\include\vcruntime.h(345,64): error C2061: syntax error: identifier '_StackCookie'
C:\Program Files (x86)\Microsoft Visual Studio\2019\Enterprise\VC\Tools\MSVC\14.29.30133\include\vcruntime.h(345,64): error C2059: syntax error: ';'
C:\Program Files (x86)\Microsoft Visual Studio\2019\Enterprise\VC\Tools\MSVC\14.29.30133\include\vcruntime.h(345,76): error C2059: syntax error: ')'
C:\Program Files (x86)\Microsoft Visual Studio\2019\Enterprise\VC\Tools\MSVC\14.29.30133\include\vcruntime.h(356,18): error C2061: syntax error: identifier '__security_cookie'
C:\Program Files (x86)\Microsoft Visual Studio\2019\Enterprise\VC\Tools\MSVC\14.29.30133\include\vcruntime.h(356,18): error C2059: syntax error: ';'
C:\Program Files (x86)\Windows Kits\10\Include\10.0.19041.0\ucrt\corecrt.h(354,10): error C2081: 'uintptr_t': name in formal parameter list illegal
C:\Program Files (x86)\Windows Kits\10\Include\10.0.19041.0\ucrt\corecrt.h(366,26): error C2146: syntax error: missing ')' before identifier '_Reserved'
C:\Program Files (x86)\Windows Kits\10\Include\10.0.19041.0\ucrt\corecrt.h(366,26): error C2081: 'uintptr_t': name in formal parameter list illegal
C:\Program Files (x86)\Windows Kits\10\Include\10.0.19041.0\ucrt\corecrt.h(366,26): error C2061: syntax error: identifier '_Reserved'
C:\Program Files (x86)\Windows Kits\10\Include\10.0.19041.0\ucrt\corecrt.h(366,26): error C2059: syntax error: ';'
C:\Program Files (x86)\Windows Kits\10\Include\10.0.19041.0\ucrt\corecrt.h(366,35): error C2059: syntax error: ')'
C:\Program Files (x86)\Windows Kits\10\Include\10.0.19041.0\ucrt\stddef.h(57,27): error C2143: syntax error: missing '{' before '__cdecl'
C:\Program Files (x86)\Windows Kits\10\Include\10.0.19041.0\ucrt\stdlib.h(168,10): error C2081: 'uintptr_t': name in formal parameter list illegal
C:\Users\mirja\source\repos\lab4\zad4.c(55,16): error C4996: 'fopen': This function or variable may be unsafe. Consider using fopen_s instead. To disable deprecation, use _CRT_SECURE_NO_WARNINGS. See online help for details.
C:\Users\mirja\source\repos\lab4\zad4.c(86,12): error C4996: 'sscanf': This function or variable may be unsafe. Consider using sscanf_s instead. To disable deprecation, use _CRT_SECURE_NO_WARNINGS. See online help for details.
